This is XeTeX, Version 3.14159265-2.6-0.99992 (TeX Live 2015) (preloaded format=xelatex 2015.5.24)  9 DEC 2016 11:57
entering extended mode
 restricted \write18 enabled.
 %&-line parsing enabled.
**draft.tex
(./draft.tex
LaTeX2e <2015/01/01>
Babel <3.9l> and hyphenation patterns for 79 languages loaded.
(/usr/local/texlive/2015/texmf-dist/tex/latex/base/article.cls
Document Class: article 2014/09/29 v1.4h Standard LaTeX document class
(/usr/local/texlive/2015/texmf-dist/tex/latex/base/size12.clo
File: size12.clo 2014/09/29 v1.4h Standard LaTeX file (size option)
)
\c@part=\count79
\c@section=\count80
\c@subsection=\count81
\c@subsubsection=\count82
\c@paragraph=\count83
\c@subparagraph=\count84
\c@figure=\count85
\c@table=\count86
\abovecaptionskip=\skip41
\belowcaptionskip=\skip42
\bibindent=\dimen102
)
(/usr/local/texlive/2015/texmf-dist/tex/latex/natbib/natbib.sty
Package: natbib 2010/09/13 8.31b (PWD, AO)
\bibhang=\skip43
\bibsep=\skip44
LaTeX Info: Redefining \cite on input line 694.
\c@NAT@ctr=\count87
)

LaTeX Warning: Unused global option(s):
    [reqno].

(baaeba7d9dade0237e00c579bd2d5880/draft.aux)
\openout1 = `draft.aux'.

LaTeX Font Info:    Checking defaults for OML/cmm/m/it on input line 9.
LaTeX Font Info:    ... okay on input line 9.
LaTeX Font Info:    Checking defaults for T1/cmr/m/n on input line 9.
LaTeX Font Info:    ... okay on input line 9.
LaTeX Font Info:    Checking defaults for OT1/cmr/m/n on input line 9.
LaTeX Font Info:    ... okay on input line 9.
LaTeX Font Info:    Checking defaults for OMS/cmsy/m/n on input line 9.
LaTeX Font Info:    ... okay on input line 9.
LaTeX Font Info:    Checking defaults for OMX/cmex/m/n on input line 9.
LaTeX Font Info:    ... okay on input line 9.
LaTeX Font Info:    Checking defaults for U/cmr/m/n on input line 9.
LaTeX Font Info:    ... okay on input line 9.
LaTeX Font Info:    External font `cmex10' loaded for size
(Font)              <14.4> on input line 10.
LaTeX Font Info:    External font `cmex10' loaded for size
(Font)              <7> on input line 10.


LaTeX Warning: No \author given.

[1

]
Overfull \hbox (42.25021pt too wide) in paragraph at lines 51--51
[]\OT1/cmtt/m/n/12 % What is the difference between supervised and unsupervised
 learning?[] 
 []


Overfull \hbox (42.25021pt too wide) in paragraph at lines 51--51
[]\OT1/cmtt/m/n/12 % What is the difference between classification and sequence
 learning?[] 
 []


Overfull \hbox (17.5502pt too wide) in paragraph at lines 51--51
[]\OT1/cmtt/m/n/12 \item How do ML and DNN relate to current topics such as big
 data,[] 
 []


Overfull \hbox (11.3752pt too wide) in paragraph at lines 51--51
[]\OT1/cmtt/m/n/12 \item What kind of insights can ML and DNN provide for lingu
ists?[] 
 []


Overfull \hbox (17.5502pt too wide) in paragraph at lines 51--51
[]\OT1/cmtt/m/n/12 \item How do DNNs relate to first language acquisition and f
oreign[] 
 []

[1]

Package natbib Warning: Citation `bengio1989_acm' on page 2 undefined on input 
line 55.


Package natbib Warning: Citation `bengio1989' on page 2 undefined on input line
 55.

(baaeba7d9dade0237e00c579bd2d5880/draft.bbl)

Package natbib Warning: There were undefined citations.

[2] (baaeba7d9dade0237e00c579bd2d5880/draft.aux) ) 
Here is how much of TeX's memory you used:
 560 strings out of 493706
 6598 string characters out of 6145769
 62055 words of memory out of 5000000
 3975 multiletter control sequences out of 15000+600000
 6232 words of font info for 23 fonts, out of 8000000 for 9000
 1328 hyphenation exceptions out of 8191
 22i,6n,22p,921b,185s stack positions out of 5000i,500n,10000p,200000b,80000s

Output written on baaeba7d9dade0237e00c579bd2d5880/draft.pdf (3 pages).
